<?xml version="1.0" encoding="UTF-8"?>
<testsuite name="io.houze.houzeinvest.Test_Profile_02_Update" tests="6" skipped="0" failures="0" errors="0" timestamp="2021-01-07T09:16:29" hostname="LAPTOP-RIANQ4LQ" time="137.169">
  <properties/>
  <testcase name="TC_01_Update_With_No_Changes" classname="io.houze.houzeinvest.Test_Profile_02_Update" time="7.107"/>
  <testcase name="TC_02_Update_Avatar_And_Cancel" classname="io.houze.houzeinvest.Test_Profile_02_Update" time="20.655"/>
  <testcase name="TC_03_Update_Avatar" classname="io.houze.houzeinvest.Test_Profile_02_Update" time="7.727"/>
  <testcase name="TC_04_Update_Email_And_Cancel" classname="io.houze.houzeinvest.Test_Profile_02_Update" time="8.202"/>
  <testcase name="TC_05_Update_Email" classname="io.houze.houzeinvest.Test_Profile_02_Update" time="9.16"/>
  <testcase name="TC_06_Update_Avatar_And_Email" classname="io.houze.houzeinvest.Test_Profile_02_Update" time="8.823"/>
  <system-out><![CDATA[]]></system-out>
  <system-err><![CDATA[Starting ChromeDriver 87.0.4280.88 (89e2380a3e36c3464b5dd1302349b1382549290d-refs/branch-heads/4280@{#1761}) on port 40070
Only local connections are allowed.
Please see https://chromedriver.chromium.org/security-considerations for suggestions on keeping ChromeDriver safe.
ChromeDriver was started successfully.
Jan 07, 2021 4:15:53 PM org.openqa.selenium.remote.ProtocolHandshake createSession
INFO: Detected dialect: W3C
]]></system-err>
</testsuite>
