<?xml version="1.0" encoding="UTF-8"?>
<testsuite name="io.houze.houzeinvest.Test_Profile_03_Change_Password" tests="4" skipped="0" failures="0" errors="0" timestamp="2021-01-14T07:54:02" hostname="LAPTOP-RIANQ4LQ" time="85.12">
  <properties/>
  <testcase name="TC_01_Change_Pw_With_No_Changes" classname="io.houze.houzeinvest.Test_Profile_03_Change_Password" time="0.114"/>
  <testcase name="TC_02_Change_Pw_With_Invalid_Current_Pw" classname="io.houze.houzeinvest.Test_Profile_03_Change_Password" time="0.79"/>
  <testcase name="TC_03_Change_Pw_With_Confirm_New_Password_Not_Match" classname="io.houze.houzeinvest.Test_Profile_03_Change_Password" time="0.883"/>
  <testcase name="TC_04_Change_Pw_With_Valid_Data" classname="io.houze.houzeinvest.Test_Profile_03_Change_Password" time="19.22"/>
  <system-out><![CDATA[]]></system-out>
  <system-err><![CDATA[Starting ChromeDriver 87.0.4280.88 (89e2380a3e36c3464b5dd1302349b1382549290d-refs/branch-heads/4280@{#1761}) on port 39830
Only local connections are allowed.
Please see https://chromedriver.chromium.org/security-considerations for suggestions on keeping ChromeDriver safe.
ChromeDriver was started successfully.
Jan 14, 2021 2:53:23 PM org.openqa.selenium.remote.ProtocolHandshake createSession
INFO: Detected dialect: W3C
]]></system-err>
</testsuite>
