<?xml version="1.0" encoding="UTF-8"?>
<testsuite name="io.houze.houzeinvest.Test_Wallet_04_Withdraw" tests="4" skipped="0" failures="0" errors="0" timestamp="2021-01-05T09:53:16" hostname="LAPTOP-RIANQ4LQ" time="57.562">
  <properties/>
  <testcase name="TC_01_Withdraw_With_Blank_Form" classname="io.houze.houzeinvest.Test_Wallet_04_Withdraw" time="0.088"/>
  <testcase name="TC_02_Withdraw_Without_Choosing_Bank" classname="io.houze.houzeinvest.Test_Wallet_04_Withdraw" time="0.772"/>
  <testcase name="TC_03_Withdraw_Larger_Than_Current" classname="io.houze.houzeinvest.Test_Wallet_04_Withdraw" time="3.635"/>
  <testcase name="TC_04_Withdraw_Valid_Data" classname="io.houze.houzeinvest.Test_Wallet_04_Withdraw" time="48.171"/>
  <system-out><![CDATA[]]></system-out>
  <system-err><![CDATA[Starting ChromeDriver 87.0.4280.88 (89e2380a3e36c3464b5dd1302349b1382549290d-refs/branch-heads/4280@{#1761}) on port 32727
Only local connections are allowed.
Please see https://chromedriver.chromium.org/security-considerations for suggestions on keeping ChromeDriver safe.
ChromeDriver was started successfully.
Jan 05, 2021 4:53:05 PM org.openqa.selenium.remote.ProtocolHandshake createSession
INFO: Detected dialect: W3C
]]></system-err>
</testsuite>
