<?xml version="1.0" encoding="UTF-8"?>
<testsuite name="io.houze.houzeinvest.Test_Wallet_03_Deposit" tests="2" skipped="2" failures="0" errors="0" timestamp="2021-01-07T09:26:11" hostname="LAPTOP-RIANQ4LQ" time="0.087">
  <properties/>
  <testcase name="TC_01_Deposit_With_Blank_Form" classname="io.houze.houzeinvest.Test_Wallet_03_Deposit" time="0.0">
    <skipped/>
  </testcase>
  <testcase name="TC_02_Deposit_With_Valid_Data" classname="io.houze.houzeinvest.Test_Wallet_03_Deposit" time="0.0">
    <skipped/>
  </testcase>
  <system-out><![CDATA[]]></system-out>
  <system-err><![CDATA[]]></system-err>
</testsuite>
