<?xml version="1.0" encoding="UTF-8"?>
<testsuite name="io.houze.houzeinvest.Test_Wallet_02_Delete_Bank" tests="2" skipped="2" failures="0" errors="0" timestamp="2021-01-07T09:26:12" hostname="LAPTOP-RIANQ4LQ" time="0.004">
  <properties/>
  <testcase name="TC_01_Click_Back_In_Delete_Form" classname="io.houze.houzeinvest.Test_Wallet_02_Delete_Bank" time="0.0">
    <skipped/>
  </testcase>
  <testcase name="TC_02_Click_Back_In_Delete_Form" classname="io.houze.houzeinvest.Test_Wallet_02_Delete_Bank" time="0.0">
    <skipped/>
  </testcase>
  <system-out><![CDATA[]]></system-out>
  <system-err><![CDATA[]]></system-err>
</testsuite>
