<?xml version="1.0" encoding="UTF-8"?>
<testsuite name="io.houze.houzeinvest.Test_Wallet_04_Withdraw" tests="4" skipped="4" failures="0" errors="0" timestamp="2021-01-07T09:26:11" hostname="LAPTOP-RIANQ4LQ" time="0.031">
  <properties/>
  <testcase name="TC_01_Withdraw_With_Blank_Form" classname="io.houze.houzeinvest.Test_Wallet_04_Withdraw" time="0.0">
    <skipped/>
  </testcase>
  <testcase name="TC_02_Withdraw_Without_Choosing_Bank" classname="io.houze.houzeinvest.Test_Wallet_04_Withdraw" time="0.0">
    <skipped/>
  </testcase>
  <testcase name="TC_03_Withdraw_Larger_Than_Current" classname="io.houze.houzeinvest.Test_Wallet_04_Withdraw" time="0.0">
    <skipped/>
  </testcase>
  <testcase name="TC_04_Withdraw_Valid_Data" classname="io.houze.houzeinvest.Test_Wallet_04_Withdraw" time="0.0">
    <skipped/>
  </testcase>
  <system-out><![CDATA[]]></system-out>
  <system-err><![CDATA[]]></system-err>
</testsuite>
