<?xml version="1.0" encoding="UTF-8"?>
<testsuite name="io.houze.houzeinvest.Test_Wallet_02_Delete_Bank" tests="2" skipped="0" failures="0" errors="0" timestamp="2021-01-14T07:08:45" hostname="LAPTOP-RIANQ4LQ" time="22.944">
  <properties/>
  <testcase name="TC_01_Click_Back_In_Delete_Form" classname="io.houze.houzeinvest.Test_Wallet_02_Delete_Bank" time="10.766"/>
  <testcase name="TC_02_Click_Back_In_Delete_Form" classname="io.houze.houzeinvest.Test_Wallet_02_Delete_Bank" time="10.948"/>
  <system-out><![CDATA[]]></system-out>
  <system-err><![CDATA[Starting ChromeDriver 87.0.4280.88 (89e2380a3e36c3464b5dd1302349b1382549290d-refs/branch-heads/4280@{#1761}) on port 45511
Only local connections are allowed.
Please see https://chromedriver.chromium.org/security-considerations for suggestions on keeping ChromeDriver safe.
ChromeDriver was started successfully.
Jan 14, 2021 2:08:30 PM org.openqa.selenium.remote.ProtocolHandshake createSession
INFO: Detected dialect: W3C
]]></system-err>
</testsuite>
