<?xml version="1.0" encoding="UTF-8"?>
<testsuite name="io.houze.houzeinvest.Test_Wallet_02_Delete_Bank" tests="2" skipped="0" failures="0" errors="0" timestamp="2020-12-29T09:57:18" hostname="LAPTOP-RIANQ4LQ" time="8.279">
  <properties/>
  <testcase name="TC_01_Click_Back_In_Delete_Form" classname="io.houze.houzeinvest.Test_Wallet_02_Delete_Bank" time="2.568"/>
  <testcase name="TC_02_Click_Back_In_Delete_Form" classname="io.houze.houzeinvest.Test_Wallet_02_Delete_Bank" time="3.607"/>
  <system-out><![CDATA[]]></system-out>
  <system-err><![CDATA[Starting ChromeDriver 87.0.4280.88 (89e2380a3e36c3464b5dd1302349b1382549290d-refs/branch-heads/4280@{#1761}) on port 21880
Only local connections are allowed.
Please see https://chromedriver.chromium.org/security-considerations for suggestions on keeping ChromeDriver safe.
ChromeDriver was started successfully.
Dec 29, 2020 4:57:06 PM org.openqa.selenium.remote.ProtocolHandshake createSession
INFO: Detected dialect: W3C
]]></system-err>
</testsuite>
