<?xml version="1.0" encoding="UTF-8"?>
<testsuite name="io.houze.houzeinvest.Test_Wallet_04_Withdraw" tests="4" skipped="0" failures="0" errors="0" timestamp="2021-01-13T07:51:24" hostname="LAPTOP-RIANQ4LQ" time="37.106">
  <properties/>
  <testcase name="TC_01_Withdraw_With_Blank_Form" classname="io.houze.houzeinvest.Test_Wallet_04_Withdraw" time="0.018"/>
  <testcase name="TC_02_Withdraw_Without_Choosing_Bank" classname="io.houze.houzeinvest.Test_Wallet_04_Withdraw" time="0.149"/>
  <testcase name="TC_03_Withdraw_Larger_Than_Current" classname="io.houze.houzeinvest.Test_Wallet_04_Withdraw" time="1.285"/>
  <testcase name="TC_04_Withdraw_Valid_Data" classname="io.houze.houzeinvest.Test_Wallet_04_Withdraw" time="32.343"/>
  <system-out><![CDATA[]]></system-out>
  <system-err><![CDATA[Starting ChromeDriver 87.0.4280.88 (89e2380a3e36c3464b5dd1302349b1382549290d-refs/branch-heads/4280@{#1761}) on port 45525
Only local connections are allowed.
Please see https://chromedriver.chromium.org/security-considerations for suggestions on keeping ChromeDriver safe.
ChromeDriver was started successfully.
Jan 13, 2021 2:51:09 PM org.openqa.selenium.remote.ProtocolHandshake createSession
INFO: Detected dialect: W3C
]]></system-err>
</testsuite>
